<?xml version="1.0" encoding="UTF-8"?>
<testsuite name="ru.nsu.romanenko.test.graphs.IncidenceMatrixTest" tests="6" skipped="0" failures="0" errors="0" timestamp="2025-10-22T17:12:10.704Z" hostname="NRNOTEBOOK" time="0.009">
  <properties/>
  <testcase name="testAddEdge()" classname="ru.nsu.romanenko.test.graphs.IncidenceMatrixTest" time="0.004"/>
  <testcase name="testPrintGraph()" classname="ru.nsu.romanenko.test.graphs.IncidenceMatrixTest" time="0.002"/>
  <testcase name="testRemoveVertex()" classname="ru.nsu.romanenko.test.graphs.IncidenceMatrixTest" time="0.0"/>
  <testcase name="testRemoveEdge()" classname="ru.nsu.romanenko.test.graphs.IncidenceMatrixTest" time="0.0"/>
  <testcase name="testAddVertex()" classname="ru.nsu.romanenko.test.graphs.IncidenceMatrixTest" time="0.0"/>
  <testcase name="testMultipleEdges()" classname="ru.nsu.romanenko.test.graphs.IncidenceMatrixTest" time="0.0"/>
  <system-out><![CDATA[    e0   
1 |  1   
2 | -1   

]]></system-out>
  <system-err><![CDATA[]]></system-err>
</testsuite>
