<?xml version="1.0" encoding="UTF-8"?>
<testsuite name="ru.nsu.romanenko.test.graphs.GraphTest" tests="4" skipped="0" failures="0" errors="0" timestamp="2025-10-22T17:12:10.702Z" hostname="NRNOTEBOOK" time="0.002">
  <properties/>
  <testcase name="testAddAndRemoveVertex()" classname="ru.nsu.romanenko.test.graphs.GraphTest" time="0.0"/>
  <testcase name="testGetVertices()" classname="ru.nsu.romanenko.test.graphs.GraphTest" time="0.0"/>
  <testcase name="testAddAndRemoveEdge()" classname="ru.nsu.romanenko.test.graphs.GraphTest" time="0.0"/>
  <testcase name="testGetNeighbors()" classname="ru.nsu.romanenko.test.graphs.GraphTest" time="0.001"/>
  <system-out><![CDATA[]]></system-out>
  <system-err><![CDATA[]]></system-err>
</testsuite>
