<?xml version="1.0" encoding="UTF-8"?>
<testsuite name="TaskList Equality Tests" tests="3" skipped="0" failures="0" errors="0" timestamp="2025-10-22T16:59:14.466Z" hostname="NRNOTEBOOK" time="0.002">
  <properties/>
  <testcase name="Should be equal when same tasks" classname="ru.nsu.romanenko.elements.tests.TaskListTest$TaskListEqualityTest" time="0.001"/>
  <testcase name="Should not be equal to null or different class" classname="ru.nsu.romanenko.elements.tests.TaskListTest$TaskListEqualityTest" time="0.0"/>
  <testcase name="Should not be equal when different tasks" classname="ru.nsu.romanenko.elements.tests.TaskListTest$TaskListEqualityTest" time="0.0"/>
  <system-out><![CDATA[]]></system-out>
  <system-err><![CDATA[]]></system-err>
</testsuite>
