<?xml version="1.0" encoding="UTF-8"?>
<testsuite name="List Types Enum Tests" tests="2" skipped="0" failures="0" errors="0" timestamp="2025-10-22T16:59:14.399Z" hostname="NRNOTEBOOK" time="0.003">
  <properties/>
  <testcase name="Should have correct mark symbols" classname="ru.nsu.romanenko.elements.tests.ListTest$TypesTest" time="0.0"/>
  <testcase name="Should have all enum values" classname="ru.nsu.romanenko.elements.tests.ListTest$TypesTest" time="0.003"/>
  <system-out><![CDATA[]]></system-out>
  <system-err><![CDATA[]]></system-err>
</testsuite>
