<?xml version="1.0" encoding="UTF-8"?>
<testsuite name="Link Integration Tests" tests="3" skipped="0" failures="0" errors="0" timestamp="2025-10-22T16:59:14.352Z" hostname="NRNOTEBOOK" time="0.005">
  <properties/>
  <testcase name="Should work with complex formatted text" classname="ru.nsu.romanenko.elements.tests.LinkTest$IntegrationTest" time="0.0"/>
  <testcase name="Should handle URLs with special characters" classname="ru.nsu.romanenko.elements.tests.LinkTest$IntegrationTest" time="0.0"/>
  <testcase name="Should handle very long URLs" classname="ru.nsu.romanenko.elements.tests.LinkTest$IntegrationTest" time="0.004"/>
  <system-out><![CDATA[]]></system-out>
  <system-err><![CDATA[]]></system-err>
</testsuite>
