<?xml version="1.0" encoding="UTF-8"?>
<testsuite name="Image Render Tests" tests="6" skipped="0" failures="0" errors="0" timestamp="2025-10-22T16:59:14.339Z" hostname="NRNOTEBOOK" time="0.005">
  <properties/>
  <testcase name="Should render image with null URL" classname="ru.nsu.romanenko.elements.tests.ImageTest$RenderTest" time="0.001"/>
  <testcase name="Should render image with web URL" classname="ru.nsu.romanenko.elements.tests.ImageTest$RenderTest" time="0.0"/>
  <testcase name="Should render image with plain alt text correctly" classname="ru.nsu.romanenko.elements.tests.ImageTest$RenderTest" time="0.0"/>
  <testcase name="Should render image with empty alt text" classname="ru.nsu.romanenko.elements.tests.ImageTest$RenderTest" time="0.0"/>
  <testcase name="Should render image with formatted alt text correctly" classname="ru.nsu.romanenko.elements.tests.ImageTest$RenderTest" time="0.001"/>
  <testcase name="Should render image with special characters in alt text" classname="ru.nsu.romanenko.elements.tests.ImageTest$RenderTest" time="0.001"/>
  <system-out><![CDATA[]]></system-out>
  <system-err><![CDATA[]]></system-err>
</testsuite>
