<?xml version="1.0" encoding="UTF-8"?>
<testsuite name="Heading Edge Cases Tests" tests="5" skipped="0" failures="0" errors="0" timestamp="2025-10-22T16:59:14.263Z" hostname="NRNOTEBOOK" time="0.014">
  <properties/>
  <testcase name="Should handle empty content in level 2 heading" classname="ru.nsu.romanenko.elements.tests.HeadingTest$EdgeCasesTest" time="0.007"/>
  <testcase name="Should render level 1 heading with correct line length" classname="ru.nsu.romanenko.elements.tests.HeadingTest$EdgeCasesTest" time="0.001"/>
  <testcase name="Should render level 2 heading with correct line length" classname="ru.nsu.romanenko.elements.tests.HeadingTest$EdgeCasesTest" time="0.0"/>
  <testcase name="Should handle empty content in level 3 heading" classname="ru.nsu.romanenko.elements.tests.HeadingTest$EdgeCasesTest" time="0.001"/>
  <testcase name="Should handle empty content in level 1 heading" classname="ru.nsu.romanenko.elements.tests.HeadingTest$EdgeCasesTest" time="0.001"/>
  <system-out><![CDATA[]]></system-out>
  <system-err><![CDATA[]]></system-err>
</testsuite>
