<?xml version="1.0" encoding="UTF-8"?>
<testsuite name="Heading Builder Tests" tests="4" skipped="0" failures="0" errors="0" timestamp="2025-10-22T16:59:14.313Z" hostname="NRNOTEBOOK" time="0.005">
  <properties/>
  <testcase name="Should build heading with Text content" classname="ru.nsu.romanenko.elements.tests.HeadingTest$BuilderTest" time="0.002"/>
  <testcase name="Should build heading with string content" classname="ru.nsu.romanenko.elements.tests.HeadingTest$BuilderTest" time="0.001"/>
  <testcase name="Should build heading with default level" classname="ru.nsu.romanenko.elements.tests.HeadingTest$BuilderTest" time="0.001"/>
  <testcase name="Should handle null content in builder" classname="ru.nsu.romanenko.elements.tests.HeadingTest$BuilderTest" time="0.001"/>
  <system-out><![CDATA[]]></system-out>
  <system-err><![CDATA[]]></system-err>
</testsuite>
