<?xml version="1.0" encoding="UTF-8"?>
<testsuite name="ru.nsu.romanenko.elements.tests.CodeBlockTest$ConstructorTests" tests="4" skipped="0" failures="0" errors="0" timestamp="2025-10-22T16:59:14.187Z" hostname="NRNOTEBOOK" time="0.072">
  <properties/>
  <testcase name="createCodeBlockWithCodeAndLanguage()" classname="ru.nsu.romanenko.elements.tests.CodeBlockTest$ConstructorTests" time="0.0"/>
  <testcase name="createCodeBlockWithLinesAndLanguage()" classname="ru.nsu.romanenko.elements.tests.CodeBlockTest$ConstructorTests" time="0.0"/>
  <testcase name="[1] null" classname="ru.nsu.romanenko.elements.tests.CodeBlockTest$ConstructorTests" time="0.03"/>
  <testcase name="[2] " classname="ru.nsu.romanenko.elements.tests.CodeBlockTest$ConstructorTests" time="0.001"/>
  <system-out><![CDATA[]]></system-out>
  <system-err><![CDATA[]]></system-err>
</testsuite>
