<?xml version="1.0" encoding="UTF-8"?>
<testsuite name="ru.nsu.romanenko.elements.tests.CodeBlockTest$RenderTests" tests="4" skipped="0" failures="0" errors="0" timestamp="2025-10-22T16:59:14.177Z" hostname="NRNOTEBOOK" time="0.004">
  <properties/>
  <testcase name="renderEmptyCodeBlock()" classname="ru.nsu.romanenko.elements.tests.CodeBlockTest$RenderTests" time="0.0"/>
  <testcase name="renderMultiLineCodeBlock()" classname="ru.nsu.romanenko.elements.tests.CodeBlockTest$RenderTests" time="0.001"/>
  <testcase name="renderCodeBlockWithoutLanguage()" classname="ru.nsu.romanenko.elements.tests.CodeBlockTest$RenderTests" time="0.0"/>
  <testcase name="renderCodeBlockWithLanguage()" classname="ru.nsu.romanenko.elements.tests.CodeBlockTest$RenderTests" time="0.0"/>
  <system-out><![CDATA[]]></system-out>
  <system-err><![CDATA[]]></system-err>
</testsuite>
