<?xml version="1.0" encoding="UTF-8"?>
<testsuite name="Heading Equality Tests" tests="4" skipped="0" failures="0" errors="0" timestamp="2025-10-22T16:59:14.278Z" hostname="NRNOTEBOOK" time="0.003">
  <properties/>
  <testcase name="Should be equal when same content and level" classname="ru.nsu.romanenko.elements.tests.HeadingTest$EqualityTest" time="0.001"/>
  <testcase name="Should not be equal when different content" classname="ru.nsu.romanenko.elements.tests.HeadingTest$EqualityTest" time="0.001"/>
  <testcase name="Should not be equal to null or different class" classname="ru.nsu.romanenko.elements.tests.HeadingTest$EqualityTest" time="0.001"/>
  <testcase name="Should not be equal when different level" classname="ru.nsu.romanenko.elements.tests.HeadingTest$EqualityTest" time="0.0"/>
  <system-out><![CDATA[]]></system-out>
  <system-err><![CDATA[]]></system-err>
</testsuite>
