<?xml version="1.0" encoding="UTF-8"?>
<testsuite name="List Render Tests" tests="5" skipped="0" failures="0" errors="0" timestamp="2025-10-22T16:59:14.403Z" hostname="NRNOTEBOOK" time="0.004">
  <properties/>
  <testcase name="Should render deeply nested lists" classname="ru.nsu.romanenko.elements.tests.ListTest$RenderTest" time="0.0"/>
  <testcase name="Should render marked list correctly" classname="ru.nsu.romanenko.elements.tests.ListTest$RenderTest" time="0.001"/>
  <testcase name="Should render nested lists with indentation" classname="ru.nsu.romanenko.elements.tests.ListTest$RenderTest" time="0.0"/>
  <testcase name="Should render numeric list correctly" classname="ru.nsu.romanenko.elements.tests.ListTest$RenderTest" time="0.0"/>
  <testcase name="Should render empty list as empty string" classname="ru.nsu.romanenko.elements.tests.ListTest$RenderTest" time="0.0"/>
  <system-out><![CDATA[]]></system-out>
  <system-err><![CDATA[]]></system-err>
</testsuite>
