<?xml version="1.0" encoding="UTF-8"?>
<testsuite name="ru.nsu.romanenko.elements.tests.CodeBlockTest$GetterTests" tests="3" skipped="0" failures="0" errors="0" timestamp="2025-10-22T16:59:14.173Z" hostname="NRNOTEBOOK" time="0.002">
  <properties/>
  <testcase name="getLineCountForEmptyBlock()" classname="ru.nsu.romanenko.elements.tests.CodeBlockTest$GetterTests" time="0.001"/>
  <testcase name="getLineCountForMultiLineBlock()" classname="ru.nsu.romanenko.elements.tests.CodeBlockTest$GetterTests" time="0.0"/>
  <testcase name="getLinesReturnsCopy()" classname="ru.nsu.romanenko.elements.tests.CodeBlockTest$GetterTests" time="0.0"/>
  <system-out><![CDATA[]]></system-out>
  <system-err><![CDATA[]]></system-err>
</testsuite>
