<?xml version="1.0" encoding="UTF-8"?>
<testsuite name="TaskList Render Tests" tests="5" skipped="0" failures="0" errors="0" timestamp="2025-10-22T16:59:14.469Z" hostname="NRNOTEBOOK" time="0.004">
  <properties/>
  <testcase name="Should render deeply nested tasks" classname="ru.nsu.romanenko.elements.tests.TaskListTest$TaskListRenderTest" time="0.001"/>
  <testcase name="Should render nested tasks with indentation" classname="ru.nsu.romanenko.elements.tests.TaskListTest$TaskListRenderTest" time="0.001"/>
  <testcase name="Should render task list correctly" classname="ru.nsu.romanenko.elements.tests.TaskListTest$TaskListRenderTest" time="0.0"/>
  <testcase name="Should render task list with formatted content" classname="ru.nsu.romanenko.elements.tests.TaskListTest$TaskListRenderTest" time="0.0"/>
  <testcase name="Should render empty task list as empty string" classname="ru.nsu.romanenko.elements.tests.TaskListTest$TaskListRenderTest" time="0.001"/>
  <system-out><![CDATA[]]></system-out>
  <system-err><![CDATA[]]></system-err>
</testsuite>
