<?xml version="1.0" encoding="UTF-8"?>
<testsuite name="TaskList Builder Tests" tests="5" skipped="0" failures="0" errors="0" timestamp="2025-10-22T16:59:14.474Z" hostname="NRNOTEBOOK" time="0.003">
  <properties/>
  <testcase name="Should handle indentation correctly" classname="ru.nsu.romanenko.elements.tests.TaskListTest$TaskListBuilderTest" time="0.0"/>
  <testcase name="Should build task list with formatted elements" classname="ru.nsu.romanenko.elements.tests.TaskListTest$TaskListBuilderTest" time="0.001"/>
  <testcase name="Should build empty task list" classname="ru.nsu.romanenko.elements.tests.TaskListTest$TaskListBuilderTest" time="0.0"/>
  <testcase name="Should not allow negative indentation" classname="ru.nsu.romanenko.elements.tests.TaskListTest$TaskListBuilderTest" time="0.0"/>
  <testcase name="Should build task list with multiple tasks" classname="ru.nsu.romanenko.elements.tests.TaskListTest$TaskListBuilderTest" time="0.001"/>
  <system-out><![CDATA[]]></system-out>
  <system-err><![CDATA[]]></system-err>
</testsuite>
