<?xml version="1.0" encoding="UTF-8"?>
<testsuite name="Bold Class Tests" tests="4" skipped="0" failures="0" errors="0" timestamp="2025-10-22T16:59:14.501Z" hostname="NRNOTEBOOK" time="0.003">
  <properties/>
  <testcase name="Should create Bold from Text and apply bold style" classname="ru.nsu.romanenko.elements.tests.TextElementsTest$BoldTest" time="0.0"/>
  <testcase name="[1] null" classname="ru.nsu.romanenko.elements.tests.TextElementsTest$BoldTest" time="0.0"/>
  <testcase name="[2] " classname="ru.nsu.romanenko.elements.tests.TextElementsTest$BoldTest" time="0.001"/>
  <testcase name="Should create Bold from string and apply bold style" classname="ru.nsu.romanenko.elements.tests.TextElementsTest$BoldTest" time="0.0"/>
  <system-out><![CDATA[]]></system-out>
  <system-err><![CDATA[]]></system-err>
</testsuite>
