<?xml version="1.0" encoding="UTF-8"?>
<testsuite name="Link Constructor Tests" tests="5" skipped="0" failures="0" errors="0" timestamp="2025-10-22T16:59:14.377Z" hostname="NRNOTEBOOK" time="0.005">
  <properties/>
  <testcase name="Should create link with Text content and URL" classname="ru.nsu.romanenko.elements.tests.LinkTest$ConstructorTest" time="0.001"/>
  <testcase name="[1] null" classname="ru.nsu.romanenko.elements.tests.LinkTest$ConstructorTest" time="0.0"/>
  <testcase name="[2] " classname="ru.nsu.romanenko.elements.tests.LinkTest$ConstructorTest" time="0.0"/>
  <testcase name="Should handle null URL" classname="ru.nsu.romanenko.elements.tests.LinkTest$ConstructorTest" time="0.0"/>
  <testcase name="Should create link with string content and URL" classname="ru.nsu.romanenko.elements.tests.LinkTest$ConstructorTest" time="0.0"/>
  <system-out><![CDATA[]]></system-out>
  <system-err><![CDATA[]]></system-err>
</testsuite>
