<?xml version="1.0" encoding="UTF-8"?>
<testsuite name="Table Render Tests" tests="6" skipped="0" failures="0" errors="0" timestamp="2025-10-22T16:59:14.442Z" hostname="NRNOTEBOOK" time="0.004">
  <properties/>
  <testcase name="Should render table with formatted content" classname="ru.nsu.romanenko.elements.tests.TableTest$RenderTest" time="0.001"/>
  <testcase name="Should apply row limit when rendering" classname="ru.nsu.romanenko.elements.tests.TableTest$RenderTest" time="0.0"/>
  <testcase name="Should render empty table as empty string" classname="ru.nsu.romanenko.elements.tests.TableTest$RenderTest" time="0.001"/>
  <testcase name="Should handle uneven rows correctly" classname="ru.nsu.romanenko.elements.tests.TableTest$RenderTest" time="0.001"/>
  <testcase name="Should render table with center alignment" classname="ru.nsu.romanenko.elements.tests.TableTest$RenderTest" time="0.0"/>
  <testcase name="Should render simple table correctly" classname="ru.nsu.romanenko.elements.tests.TableTest$RenderTest" time="0.0"/>
  <system-out><![CDATA[]]></system-out>
  <system-err><![CDATA[]]></system-err>
</testsuite>
