<?xml version="1.0" encoding="UTF-8"?>
<testsuite name="MarkdownElement Base Class Tests" tests="9" skipped="0" failures="0" errors="0" timestamp="2025-10-22T16:59:14.384Z" hostname="NRNOTEBOOK" time="0.006">
  <properties/>
  <testcase name="Should handle null content" classname="ru.nsu.romanenko.elements.tests.ListTest$MarkdownElementTest" time="0.0"/>
  <testcase name="Should add and remove children" classname="ru.nsu.romanenko.elements.tests.ListTest$MarkdownElementTest" time="0.001"/>
  <testcase name="Should return defensive copy of children" classname="ru.nsu.romanenko.elements.tests.ListTest$MarkdownElementTest" time="0.0"/>
  <testcase name="Should return element name" classname="ru.nsu.romanenko.elements.tests.ListTest$MarkdownElementTest" time="0.0"/>
  <testcase name="Should clear children" classname="ru.nsu.romanenko.elements.tests.ListTest$MarkdownElementTest" time="0.001"/>
  <testcase name="Should use render in toString" classname="ru.nsu.romanenko.elements.tests.ListTest$MarkdownElementTest" time="0.0"/>
  <testcase name="Should create element with content" classname="ru.nsu.romanenko.elements.tests.ListTest$MarkdownElementTest" time="0.001"/>
  <testcase name="Should add multiple children" classname="ru.nsu.romanenko.elements.tests.ListTest$MarkdownElementTest" time="0.001"/>
  <testcase name="Should implement equals and hashCode correctly" classname="ru.nsu.romanenko.elements.tests.ListTest$MarkdownElementTest" time="0.001"/>
  <system-out><![CDATA[]]></system-out>
  <system-err><![CDATA[]]></system-err>
</testsuite>
