<?xml version="1.0" encoding="UTF-8"?>
<testsuite name="Table Constructor Tests" tests="2" skipped="0" failures="0" errors="0" timestamp="2025-10-22T16:59:14.451Z" hostname="NRNOTEBOOK" time="0.002">
  <properties/>
  <testcase name="Should create defensive copies of collections" classname="ru.nsu.romanenko.elements.tests.TableTest$ConstructorTest" time="0.001"/>
  <testcase name="Should create table with alignments and rows" classname="ru.nsu.romanenko.elements.tests.TableTest$ConstructorTest" time="0.001"/>
  <system-out><![CDATA[]]></system-out>
  <system-err><![CDATA[]]></system-err>
</testsuite>
