<?xml version="1.0" encoding="UTF-8"?>
<testsuite name="Quote Equality Tests" tests="4" skipped="0" failures="0" errors="0" timestamp="2025-10-22T16:59:14.417Z" hostname="NRNOTEBOOK" time="0.001">
  <properties/>
  <testcase name="Should be equal when same content" classname="ru.nsu.romanenko.elements.tests.QuoteTest$EqualityTest" time="0.0"/>
  <testcase name="Should not be equal when different content" classname="ru.nsu.romanenko.elements.tests.QuoteTest$EqualityTest" time="0.0"/>
  <testcase name="Should not be equal to null or different class" classname="ru.nsu.romanenko.elements.tests.QuoteTest$EqualityTest" time="0.001"/>
  <testcase name="Should be equal when created from same Text element" classname="ru.nsu.romanenko.elements.tests.QuoteTest$EqualityTest" time="0.0"/>
  <system-out><![CDATA[]]></system-out>
  <system-err><![CDATA[]]></system-err>
</testsuite>
