<?xml version="1.0" encoding="UTF-8"?>
<testsuite name="List Builder Tests" tests="3" skipped="0" failures="0" errors="0" timestamp="2025-10-22T16:59:14.408Z" hostname="NRNOTEBOOK" time="0.002">
  <properties/>
  <testcase name="Should build empty list" classname="ru.nsu.romanenko.elements.tests.ListTest$BuilderTest" time="0.001"/>
  <testcase name="Should build list with default type" classname="ru.nsu.romanenko.elements.tests.ListTest$BuilderTest" time="0.0"/>
  <testcase name="Should build list with marked type" classname="ru.nsu.romanenko.elements.tests.ListTest$BuilderTest" time="0.0"/>
  <system-out><![CDATA[]]></system-out>
  <system-err><![CDATA[]]></system-err>
</testsuite>
