<?xml version="1.0" encoding="UTF-8"?>
<testsuite name="ru.nsu.romanenko.elements.tests.CodeBlockTest$EqualsAndHashCodeTests" tests="6" skipped="0" failures="0" errors="0" timestamp="2025-10-22T16:59:14.163Z" hostname="NRNOTEBOOK" time="0.009">
  <properties/>
  <testcase name="equalsWithDifferentContent()" classname="ru.nsu.romanenko.elements.tests.CodeBlockTest$EqualsAndHashCodeTests" time="0.002"/>
  <testcase name="equalsWithSameObject()" classname="ru.nsu.romanenko.elements.tests.CodeBlockTest$EqualsAndHashCodeTests" time="0.001"/>
  <testcase name="equalsWithNull()" classname="ru.nsu.romanenko.elements.tests.CodeBlockTest$EqualsAndHashCodeTests" time="0.001"/>
  <testcase name="equalsWithSameContent()" classname="ru.nsu.romanenko.elements.tests.CodeBlockTest$EqualsAndHashCodeTests" time="0.0"/>
  <testcase name="equalsWithDifferentLanguage()" classname="ru.nsu.romanenko.elements.tests.CodeBlockTest$EqualsAndHashCodeTests" time="0.0"/>
  <testcase name="equalsWithDifferentClass()" classname="ru.nsu.romanenko.elements.tests.CodeBlockTest$EqualsAndHashCodeTests" time="0.001"/>
  <system-out><![CDATA[]]></system-out>
  <system-err><![CDATA[]]></system-err>
</testsuite>
