<?xml version="1.0" encoding="UTF-8"?>
<testsuite name="Table Alignment Tests" tests="4" skipped="0" failures="0" errors="0" timestamp="2025-10-22T16:59:14.440Z" hostname="NRNOTEBOOK" time="0.001">
  <properties/>
  <testcase name="Should have correct alignment constants" classname="ru.nsu.romanenko.elements.tests.TableTest$AlignmentTest" time="0.0"/>
  <testcase name="Should use default left alignment when not specified" classname="ru.nsu.romanenko.elements.tests.TableTest$AlignmentTest" time="0.0"/>
  <testcase name="Should handle more columns than alignments" classname="ru.nsu.romanenko.elements.tests.TableTest$AlignmentTest" time="0.001"/>
  <testcase name="Should have all alignment values" classname="ru.nsu.romanenko.elements.tests.TableTest$AlignmentTest" time="0.0"/>
  <system-out><![CDATA[]]></system-out>
  <system-err><![CDATA[]]></system-err>
</testsuite>
