<?xml version="1.0" encoding="UTF-8"?>
<testsuite name="Link Render Tests" tests="5" skipped="0" failures="0" errors="0" timestamp="2025-10-22T16:59:14.371Z" hostname="NRNOTEBOOK" time="0.006">
  <properties/>
  <testcase name="Should render link with formatted text correctly" classname="ru.nsu.romanenko.elements.tests.LinkTest$RenderTest" time="0.001"/>
  <testcase name="Should render link with null URL" classname="ru.nsu.romanenko.elements.tests.LinkTest$RenderTest" time="0.001"/>
  <testcase name="Should render link with empty content" classname="ru.nsu.romanenko.elements.tests.LinkTest$RenderTest" time="0.001"/>
  <testcase name="Should render link with plain text correctly" classname="ru.nsu.romanenko.elements.tests.LinkTest$RenderTest" time="0.001"/>
  <testcase name="Should render link with special characters in content" classname="ru.nsu.romanenko.elements.tests.LinkTest$RenderTest" time="0.001"/>
  <system-out><![CDATA[]]></system-out>
  <system-err><![CDATA[]]></system-err>
</testsuite>
