<?xml version="1.0" encoding="UTF-8"?>
<testsuite name="Italics Class Tests" tests="2" skipped="0" failures="0" errors="0" timestamp="2025-10-22T16:59:14.498Z" hostname="NRNOTEBOOK" time="0.002">
  <properties/>
  <testcase name="Should create Italics from Text and apply italics style" classname="ru.nsu.romanenko.elements.tests.TextElementsTest$ItalicsTest" time="0.001"/>
  <testcase name="Should create Italics from string and apply italics style" classname="ru.nsu.romanenko.elements.tests.TextElementsTest$ItalicsTest" time="0.0"/>
  <system-out><![CDATA[]]></system-out>
  <system-err><![CDATA[]]></system-err>
</testsuite>
