<?xml version="1.0" encoding="UTF-8"?>
<testsuite name="Crossed Class Tests" tests="2" skipped="0" failures="0" errors="0" timestamp="2025-10-22T16:59:14.494Z" hostname="NRNOTEBOOK" time="0.003">
  <properties/>
  <testcase name="Should create Crossed from Text and apply crossed style" classname="ru.nsu.romanenko.elements.tests.TextElementsTest$CrossedTest" time="0.002"/>
  <testcase name="Should create Crossed from string and apply crossed style" classname="ru.nsu.romanenko.elements.tests.TextElementsTest$CrossedTest" time="0.001"/>
  <system-out><![CDATA[]]></system-out>
  <system-err><![CDATA[]]></system-err>
</testsuite>
