<?xml version="1.0" encoding="UTF-8"?>
<testsuite name="Text Class Tests" tests="13" skipped="0" failures="0" errors="0" timestamp="2025-10-22T16:59:14.509Z" hostname="NRNOTEBOOK" time="0.016">
  <properties/>
  <testcase name="Should render multiple styles correctly" classname="ru.nsu.romanenko.elements.tests.TextElementsTest$TextTest" time="0.0"/>
  <testcase name="Should render plain text when no styles applied" classname="ru.nsu.romanenko.elements.tests.TextElementsTest$TextTest" time="0.001"/>
  <testcase name="Should not be equal to null or different class" classname="ru.nsu.romanenko.elements.tests.TextElementsTest$TextTest" time="0.0"/>
  <testcase name="Should create copy of Text using copy constructor" classname="ru.nsu.romanenko.elements.tests.TextElementsTest$TextTest" time="0.002"/>
  <testcase name="Should not apply style when already applied" classname="ru.nsu.romanenko.elements.tests.TextElementsTest$TextTest" time="0.001"/>
  <testcase name="Should create Text with content and initialize all styles as false" classname="ru.nsu.romanenko.elements.tests.TextElementsTest$TextTest" time="0.002"/>
  <testcase name="Should render styled text with formatting symbols" classname="ru.nsu.romanenko.elements.tests.TextElementsTest$TextTest" time="0.0"/>
  <testcase name="Should implement equals and hashCode correctly" classname="ru.nsu.romanenko.elements.tests.TextElementsTest$TextTest" time="0.0"/>
  <testcase name="Should return defensive copy of styles map" classname="ru.nsu.romanenko.elements.tests.TextElementsTest$TextTest" time="0.001"/>
  <testcase name="[1] null" classname="ru.nsu.romanenko.elements.tests.TextElementsTest$TextTest" time="0.001"/>
  <testcase name="[2] " classname="ru.nsu.romanenko.elements.tests.TextElementsTest$TextTest" time="0.001"/>
  <testcase name="Should not apply any style when CODE style is active" classname="ru.nsu.romanenko.elements.tests.TextElementsTest$TextTest" time="0.0"/>
  <testcase name="Should apply style when not already applied and not CODE style" classname="ru.nsu.romanenko.elements.tests.TextElementsTest$TextTest" time="0.001"/>
  <system-out><![CDATA[]]></system-out>
  <system-err><![CDATA[]]></system-err>
</testsuite>
