<?xml version="1.0" encoding="UTF-8"?>
<testsuite name="Table Equality Tests" tests="5" skipped="0" failures="0" errors="0" timestamp="2025-10-22T16:59:14.435Z" hostname="NRNOTEBOOK" time="0.004">
  <properties/>
  <testcase name="Should not be equal when different rows" classname="ru.nsu.romanenko.elements.tests.TableTest$EqualityTest" time="0.001"/>
  <testcase name="Should not be equal to null or different class" classname="ru.nsu.romanenko.elements.tests.TableTest$EqualityTest" time="0.0"/>
  <testcase name="Should be equal when same structure" classname="ru.nsu.romanenko.elements.tests.TableTest$EqualityTest" time="0.0"/>
  <testcase name="Should not be equal when different row limit" classname="ru.nsu.romanenko.elements.tests.TableTest$EqualityTest" time="0.0"/>
  <testcase name="Should not be equal when different alignments" classname="ru.nsu.romanenko.elements.tests.TableTest$EqualityTest" time="0.001"/>
  <system-out><![CDATA[]]></system-out>
  <system-err><![CDATA[]]></system-err>
</testsuite>
