<?xml version="1.0" encoding="UTF-8"?>
<testsuite name="Styles Enum Tests" tests="2" skipped="0" failures="0" errors="0" timestamp="2025-10-22T16:59:14.506Z" hostname="NRNOTEBOOK" time="0.001">
  <properties/>
  <testcase name="Should have all expected enum values" classname="ru.nsu.romanenko.elements.tests.TextElementsTest$StylesTest" time="0.0"/>
  <testcase name="Should have correct style names and write symbols" classname="ru.nsu.romanenko.elements.tests.TextElementsTest$StylesTest" time="0.0"/>
  <system-out><![CDATA[]]></system-out>
  <system-err><![CDATA[]]></system-err>
</testsuite>
