<?xml version="1.0" encoding="UTF-8"?>
<testsuite name="TaskList Integration Tests" tests="2" skipped="0" failures="0" errors="0" timestamp="2025-10-22T16:59:14.455Z" hostname="NRNOTEBOOK" time="0.01">
  <properties/>
  <testcase name="Should handle complex nested structure" classname="ru.nsu.romanenko.elements.tests.TaskListTest$TaskListIntegrationTest" time="0.008"/>
  <testcase name="Should handle mixed content types" classname="ru.nsu.romanenko.elements.tests.TaskListTest$TaskListIntegrationTest" time="0.001"/>
  <system-out><![CDATA[]]></system-out>
  <system-err><![CDATA[]]></system-err>
</testsuite>
