<?xml version="1.0" encoding="UTF-8"?>
<testsuite name="List Constructor Tests" tests="2" skipped="0" failures="0" errors="0" timestamp="2025-10-22T16:59:14.411Z" hostname="NRNOTEBOOK" time="0.001">
  <properties/>
  <testcase name="Should create list with empty elements" classname="ru.nsu.romanenko.elements.tests.ListTest$ConstructorTest" time="0.001"/>
  <testcase name="Should create list with type and elements" classname="ru.nsu.romanenko.elements.tests.ListTest$ConstructorTest" time="0.0"/>
  <system-out><![CDATA[]]></system-out>
  <system-err><![CDATA[]]></system-err>
</testsuite>
