<?xml version="1.0" encoding="UTF-8"?>
<testsuite name="ru.nsu.romanenko.elements.tests.CodeBlockTest$EdgeCaseTests" tests="3" skipped="0" failures="0" errors="0" timestamp="2025-10-22T16:59:14.112Z" hostname="NRNOTEBOOK" time="0.047">
  <properties/>
  <testcase name="veryLongLine()" classname="ru.nsu.romanenko.elements.tests.CodeBlockTest$EdgeCaseTests" time="0.043"/>
  <testcase name="codeWithOnlyNewlines()" classname="ru.nsu.romanenko.elements.tests.CodeBlockTest$EdgeCaseTests" time="0.001"/>
  <testcase name="codeWithTrailingNewline()" classname="ru.nsu.romanenko.elements.tests.CodeBlockTest$EdgeCaseTests" time="0.0"/>
  <system-out><![CDATA[]]></system-out>
  <system-err><![CDATA[]]></system-err>
</testsuite>
