<?xml version="1.0" encoding="UTF-8"?>
<testsuite name="Heading Render Tests" tests="9" skipped="0" failures="0" errors="0" timestamp="2025-10-22T16:59:14.283Z" hostname="NRNOTEBOOK" time="0.028">
  <properties/>
  <testcase name="Should render level 2 heading with dash line" classname="ru.nsu.romanenko.elements.tests.HeadingTest$RenderTest" time="0.0"/>
  <testcase name="Should render level 4 heading correctly" classname="ru.nsu.romanenko.elements.tests.HeadingTest$RenderTest" time="0.001"/>
  <testcase name="Should render level 1 heading with equals line" classname="ru.nsu.romanenko.elements.tests.HeadingTest$RenderTest" time="0.0"/>
  <testcase name="[1] 3" classname="ru.nsu.romanenko.elements.tests.HeadingTest$RenderTest" time="0.004"/>
  <testcase name="[2] 4" classname="ru.nsu.romanenko.elements.tests.HeadingTest$RenderTest" time="0.002"/>
  <testcase name="[3] 5" classname="ru.nsu.romanenko.elements.tests.HeadingTest$RenderTest" time="0.001"/>
  <testcase name="[4] 6" classname="ru.nsu.romanenko.elements.tests.HeadingTest$RenderTest" time="0.0"/>
  <testcase name="Should render heading with formatted text" classname="ru.nsu.romanenko.elements.tests.HeadingTest$RenderTest" time="0.002"/>
  <testcase name="Should render level 3 heading correctly" classname="ru.nsu.romanenko.elements.tests.HeadingTest$RenderTest" time="0.001"/>
  <system-out><![CDATA[]]></system-out>
  <system-err><![CDATA[]]></system-err>
</testsuite>
