<?xml version="1.0" encoding="UTF-8"?>
<testsuite name="Table Edge Cases Tests" tests="3" skipped="0" failures="0" errors="0" timestamp="2025-10-22T16:59:14.429Z" hostname="NRNOTEBOOK" time="0.005">
  <properties/>
  <testcase name="Should handle very long content" classname="ru.nsu.romanenko.elements.tests.TableTest$EdgeCasesTest" time="0.004"/>
  <testcase name="Should handle empty cells" classname="ru.nsu.romanenko.elements.tests.TableTest$EdgeCasesTest" time="0.001"/>
  <testcase name="Should handle single column table" classname="ru.nsu.romanenko.elements.tests.TableTest$EdgeCasesTest" time="0.0"/>
  <system-out><![CDATA[]]></system-out>
  <system-err><![CDATA[]]></system-err>
</testsuite>
