<?xml version="1.0" encoding="UTF-8"?>
<testsuite name="Quote Integration Tests" tests="2" skipped="0" failures="0" errors="0" timestamp="2025-10-22T16:59:14.413Z" hostname="NRNOTEBOOK" time="0.003">
  <properties/>
  <testcase name="Should work with complex formatted text" classname="ru.nsu.romanenko.elements.tests.QuoteTest$IntegrationTest" time="0.002"/>
  <testcase name="Should handle special characters in content" classname="ru.nsu.romanenko.elements.tests.QuoteTest$IntegrationTest" time="0.001"/>
  <system-out><![CDATA[]]></system-out>
  <system-err><![CDATA[]]></system-err>
</testsuite>
