<?xml version="1.0" encoding="UTF-8"?>
<testsuite name="ru.nsu.romanenko.tests.model.card.CardTest" tests="5" skipped="0" failures="0" errors="0" timestamp="2025-10-16T03:08:06.221Z" hostname="NRNOTEBOOK" time="0.024">
  <properties/>
  <testcase name="testGetValue()" classname="ru.nsu.romanenko.tests.model.card.CardTest" time="0.01"/>
  <testcase name="testCardCreation()" classname="ru.nsu.romanenko.tests.model.card.CardTest" time="0.003"/>
  <testcase name="testGetSuit()" classname="ru.nsu.romanenko.tests.model.card.CardTest" time="0.002"/>
  <testcase name="testGetNumericalValue()" classname="ru.nsu.romanenko.tests.model.card.CardTest" time="0.001"/>
  <testcase name="testAceNumericalValue()" classname="ru.nsu.romanenko.tests.model.card.CardTest" time="0.001"/>
  <system-out><![CDATA[]]></system-out>
  <system-err><![CDATA[]]></system-err>
</testsuite>
