<?xml version="1.0" encoding="UTF-8"?>
<testsuite name="ru.nsu.romanenko.tests.model.game.PointsCounterTest" tests="8" skipped="0" failures="0" errors="0" timestamp="2025-10-16T03:08:06.409Z" hostname="NRNOTEBOOK" time="0.014">
  <properties/>
  <testcase name="testGetInformDealerWithMultipleCards()" classname="ru.nsu.romanenko.tests.model.game.PointsCounterTest" time="0.002"/>
  <testcase name="testGetInformDealerWithOneCard()" classname="ru.nsu.romanenko.tests.model.game.PointsCounterTest" time="0.001"/>
  <testcase name="testAceAsEleven()" classname="ru.nsu.romanenko.tests.model.game.PointsCounterTest" time="0.0"/>
  <testcase name="testMultipleCards()" classname="ru.nsu.romanenko.tests.model.game.PointsCounterTest" time="0.001"/>
  <testcase name="testAppendCard()" classname="ru.nsu.romanenko.tests.model.game.PointsCounterTest" time="0.001"/>
  <testcase name="testInitialPoints()" classname="ru.nsu.romanenko.tests.model.game.PointsCounterTest" time="0.002"/>
  <testcase name="testGetInformUser()" classname="ru.nsu.romanenko.tests.model.game.PointsCounterTest" time="0.001"/>
  <testcase name="testAceAdjustment()" classname="ru.nsu.romanenko.tests.model.game.PointsCounterTest" time="0.001"/>
  <system-out><![CDATA[]]></system-out>
  <system-err><![CDATA[]]></system-err>
</testsuite>
