<?xml version="1.0" encoding="UTF-8"?>
<testsuite name="ru.nsu.romanenko.tests.model.game.GamePlayTest" tests="6" skipped="0" failures="0" errors="0" timestamp="2025-10-16T03:08:06.384Z" hostname="NRNOTEBOOK" time="0.023">
  <properties/>
  <testcase name="testAceValueAdjustmentWithHighCards()" classname="ru.nsu.romanenko.tests.model.game.GamePlayTest" time="0.002"/>
  <testcase name="testMultipleAcesComplexScenario()" classname="ru.nsu.romanenko.tests.model.game.GamePlayTest" time="0.002"/>
  <testcase name="testDealerGameplay()" classname="ru.nsu.romanenko.tests.model.game.GamePlayTest" time="0.006"/>
  <testcase name="testAceStaysElevenWhenPossible()" classname="ru.nsu.romanenko.tests.model.game.GamePlayTest" time="0.001"/>
  <testcase name="testDealerStopsAtSeventeenOrMore()" classname="ru.nsu.romanenko.tests.model.game.GamePlayTest" time="0.005"/>
  <testcase name="testThreeAcesScenario()" classname="ru.nsu.romanenko.tests.model.game.GamePlayTest" time="0.001"/>
  <system-out><![CDATA[Dealer opened card: SEVEN CLUBS (7)
	Your cards [] => 0
	Dealer's cards [ACE SPADES (11), ACE DIAMONDS (1), SEVEN CLUBS (7)] => 19
Dealer opened card: TWO SPADES (2)
	Your cards [] => 0
	Dealer's cards [TWO SPADES (2), <closed card>] => 2
Dealer opened card: EIGHT SPADES (8)
	Your cards [] => 0
	Dealer's cards [TWO SPADES (2), EIGHT SPADES (8)] => 10
Dealer opened card: FOUR HEARTS (4)
	Your cards [] => 0
	Dealer's cards [TWO SPADES (2), EIGHT SPADES (8), FOUR HEARTS (4)] => 14
Dealer opened card: TWO CLUBS (2)
	Your cards [] => 0
	Dealer's cards [TWO SPADES (2), EIGHT SPADES (8), FOUR HEARTS (4), TWO CLUBS (2)] => 16
Dealer opened card: TEN CLUBS (10)
	Your cards [] => 0
	Dealer's cards [TWO SPADES (2), EIGHT SPADES (8), FOUR HEARTS (4), TWO CLUBS (2), TEN CLUBS (10)] => 26
]]></system-out>
  <system-err><![CDATA[]]></system-err>
</testsuite>
