<?xml version="1.0" encoding="UTF-8"?>
<testsuite name="ru.nsu.romanenko.tests.model.card.DeckTest" tests="4" skipped="0" failures="0" errors="0" timestamp="2025-10-16T03:08:06.251Z" hostname="NRNOTEBOOK" time="0.042">
  <properties/>
  <testcase name="testDeckRefill()" classname="ru.nsu.romanenko.tests.model.card.DeckTest" time="0.001"/>
  <testcase name="testRandomCardDistribution()" classname="ru.nsu.romanenko.tests.model.card.DeckTest" time="0.023"/>
  <testcase name="testDeckContainsAllCards()" classname="ru.nsu.romanenko.tests.model.card.DeckTest" time="0.004"/>
  <testcase name="testDeckInitialization()" classname="ru.nsu.romanenko.tests.model.card.DeckTest" time="0.004"/>
  <system-out><![CDATA[]]></system-out>
  <system-err><![CDATA[]]></system-err>
</testsuite>
