<?xml version="1.0" encoding="UTF-8"?>
<testsuite name="ru.nsu.romanenko.tests.SubjectTest" tests="6" skipped="0" failures="0" errors="0" timestamp="2025-10-16T13:45:07.283Z" hostname="NRNOTEBOOK" time="0.009">
  <properties/>
  <testcase name="testAddMark()" classname="ru.nsu.romanenko.tests.SubjectTest" time="0.002"/>
  <testcase name="testGetCurrentCount()" classname="ru.nsu.romanenko.tests.SubjectTest" time="0.001"/>
  <testcase name="testDifferentSubjectTypes()" classname="ru.nsu.romanenko.tests.SubjectTest" time="0.001"/>
  <testcase name="testAddMarkBeyondCount()" classname="ru.nsu.romanenko.tests.SubjectTest" time="0.001"/>
  <testcase name="testGetMarksReturnsCopy()" classname="ru.nsu.romanenko.tests.SubjectTest" time="0.002"/>
  <testcase name="testConstructor()" classname="ru.nsu.romanenko.tests.SubjectTest" time="0.0"/>
  <system-out><![CDATA[]]></system-out>
  <system-err><![CDATA[]]></system-err>
</testsuite>
